c:\task3\mydetourssrctask3\x64\debug\mydetours.pdb
c:\task3\mydetourssrctask3\x64\debug\mydetours.idb
c:\task3\mydetourssrctask3\mydetours\x64\debug\modules.obj
c:\task3\mydetourssrctask3\mydetours\x64\debug\image.obj
c:\task3\mydetourssrctask3\mydetours\x64\debug\disolx86.obj
c:\task3\mydetourssrctask3\mydetours\x64\debug\disolx64.obj
c:\task3\mydetourssrctask3\mydetours\x64\debug\disolia64.obj
c:\task3\mydetourssrctask3\mydetours\x64\debug\disolarm64.obj
c:\task3\mydetourssrctask3\mydetours\x64\debug\disolarm.obj
c:\task3\mydetourssrctask3\mydetours\x64\debug\disasm.obj
c:\task3\mydetourssrctask3\mydetours\x64\debug\detours.obj
c:\task3\mydetourssrctask3\mydetours\x64\debug\creatwth.obj
c:\task3\mydetourssrctask3\x64\debug\mydetours.lib
c:\task3\mydetourssrctask3\mydetours\x64\debug\mydetours.tlog\cl.command.1.tlog
c:\task3\mydetourssrctask3\mydetours\x64\debug\mydetours.tlog\cl.items.tlog
c:\task3\mydetourssrctask3\mydetours\x64\debug\mydetours.tlog\cl.read.1.tlog
c:\task3\mydetourssrctask3\mydetours\x64\debug\mydetours.tlog\cl.write.1.tlog
c:\task3\mydetourssrctask3\mydetours\x64\debug\mydetours.tlog\lib-link.read.1.tlog
c:\task3\mydetourssrctask3\mydetours\x64\debug\mydetours.tlog\lib-link.write.1.tlog
c:\task3\mydetourssrctask3\mydetours\x64\debug\mydetours.tlog\lib.command.1.tlog
